2024-01-09.00:54:58.233070 INFO   - xdyn streamer version 3.4.3.8 - (xdyn_streamer:xdyn_streamer.cpp:46)
2024-01-09.00:54:58.235882 INFO   - register agent type = 5, agent = 100b55a0 - (xdyn_streamer:xdmemory.cpp:227)
2024-01-09.00:54:58.256195 INFO   - curr prt state : 0 - (xdyn_streamer:xdyn_streamer_xdxx.cpp:129)
2024-01-09.00:54:58.471475 INFO   - unkown msg type [33] - (xdyn_streamer:xdyn_ctl_si.cpp:189)
2024-01-09.00:54:58.471663 INFO   - [pipe capture] pipeline create - (xdyn_streamer:pipeline.cpp:10)
2024-01-09.00:54:58.472738 INFO   - Old net transfer version, using default version 1 - (xdyn_streamer:udp_img_transfer.cpp:406)
2024-01-09.00:54:58.472874 INFO   - [capture net input] Thread is started! - (xdyn_streamer:base_node.cpp:165)
2024-01-09.00:54:58.472915 WARN   - config sdk sink out type [8] and data choose - (xdyn_streamer:flow_content.cpp:262)
2024-01-09.00:54:58.472928 INFO   - [pipe sink cb] pipeline create - (xdyn_streamer:pipeline.cpp:10)
2024-01-09.00:54:58.473180 INFO   - [sink cb] Thread is started! - (xdyn_streamer:base_node.cpp:165)
2024-01-09.00:54:58.473845 INFO   - net trasfer sync success, sync info ack 0, version 3 - (xdyn_streamer:udp_img_transfer.cpp:452)
2024-01-09.00:54:58.473947 INFO   - net trasfer sync success, sync info ack 0, version 3 - (xdyn_streamer:udp_img_transfer.cpp:452)
2024-01-09.00:54:58.476548 INFO   - config alg success, ret = 0 - (xdyn_streamer:xdyn_ctl_si.cpp:276)
2024-01-09.00:54:58.476651 INFO   - pipe [pipe capture] append pipe [pipe sink cb] - (xdyn_streamer:pipeline.cpp:154)
2024-01-09.00:54:58.514984 WARN   - Digital binning should not be used with X-direction ROI/RR! - (xdyn_streamer:sids_reg_utils.cpp:293)
2024-01-09.00:54:58.518858 INFO   - flow content unkonw cfg cmd : 2, just transfer it - (xdyn_streamer:flow_content.cpp:167)
2024-01-09.00:54:58.519432 INFO   - pipeline [pipe capture] Start! - (xdyn_streamer:pipeline.cpp:193)
2024-01-09.00:54:59.054769 INFO   - recv failed, continue - (xdyn_streamer:hdl_capture_udp.cpp:26)
2024-01-09.00:55:08.548713 INFO   - recv failed, continue - (xdyn_streamer:hdl_capture_udp.cpp:26)
2024-01-09.00:55:08.844591 INFO   - recv failed, continue - (xdyn_streamer:hdl_capture_udp.cpp:26)
2024-01-09.00:55:09.746152 INFO   - recv failed, continue - (xdyn_streamer:hdl_capture_udp.cpp:26)
2024-01-09.00:55:25.345659 INFO   - recv failed, continue - (xdyn_streamer:hdl_capture_udp.cpp:26)
input] Now all next BaseNodes are idle. - (xdyn_streamer:base_node.cpp:274)
2024-01-09.00:54:34.343931 INFO   - pipeline [pipe capture] Stop! - (xdyn_streamer:pipeline.cpp:208)
2024-01-09.00:54:35.344242 INFO   - [sink cb] MSG_T_EXIT received, exit thread. - (xdyn_streamer:base_node.cpp:247)
2024-01-09.00:54:35.344839 INFO   - [sink cb] Thread is joined! - (xdyn_streamer:base_node.cpp:177)
2024-01-09.00:54:35.345207 INFO   - [capture net input] MSG_T_EXIT received, exit thread. - (xdyn_streamer:base_node.cpp:247)
2024-01-09.00:54:35.345486 INFO   - [capture net input] Thread is joined! - (xdyn_streamer:base_node.cpp:177)
